<?xml version="1.0" encoding="UTF-8"?>
<!-- Generated by org.testng.reporters.JUnitXMLReporter -->
<testsuite ignored="0" hostname="DESKTOP-RTRQ6AN" failures="0" tests="7" name="Surefire test" time="1.463" errors="0" timestamp="2023-12-28T23:29:10 IST">
  <testcase classname="testBase.BaseClass" name="@BeforeClass setup" time="-1.703786348825E9">
    <failure type="org.testng.TestNGException" message="
Parameter &amp;apos;browser&amp;apos; is required by BeforeClass on method setup but has not been marked @Optional or defined
">
      <![CDATA[org.testng.TestNGException: 
Parameter 'browser' is required by BeforeClass on method setup but has not been marked @Optional or defined

at java.base/java.util.ArrayList.forEach(ArrayList.java:1511)
... Removed 27 stack frames]]>
    </failure>
  </testcase> <!-- @BeforeClass setup -->
  <testcase classname="testBase.BaseClass" name="@AfterClass teardown" time="0.0">
    <skipped/>
  </testcase> <!-- @AfterClass teardown -->
  <testcase classname="testBase.BaseClass" name="@BeforeClass setup" time="-1.703786348875E9">
    <failure type="org.testng.TestNGException" message="
Parameter &amp;apos;browser&amp;apos; is required by BeforeClass on method setup but has not been marked @Optional or defined
">
      <![CDATA[org.testng.TestNGException: 
Parameter 'browser' is required by BeforeClass on method setup but has not been marked @Optional or defined

at java.base/java.util.ArrayList.forEach(ArrayList.java:1511)
... Removed 27 stack frames]]>
    </failure>
  </testcase> <!-- @BeforeClass setup -->
  <testcase classname="testBase.BaseClass" name="@AfterClass teardown" time="0.0">
    <skipped/>
  </testcase> <!-- @AfterClass teardown -->
  <testcase classname="testBase.BaseClass" name="@BeforeClass setup" time="-1.703786348878E9">
    <failure type="org.testng.TestNGException" message="
Parameter &amp;apos;browser&amp;apos; is required by BeforeClass on method setup but has not been marked @Optional or defined
">
      <![CDATA[org.testng.TestNGException: 
Parameter 'browser' is required by BeforeClass on method setup but has not been marked @Optional or defined

at java.base/java.util.ArrayList.forEach(ArrayList.java:1511)
... Removed 27 stack frames]]>
    </failure>
  </testcase> <!-- @BeforeClass setup -->
  <testcase classname="testBase.BaseClass" name="@AfterClass teardown" time="0.0">
    <skipped/>
  </testcase> <!-- @AfterClass teardown -->
  <testcase classname="testCases.TC_001_AccountRegistrationTest" name="test_account_Registration" time="0.0">
    <skipped/>
  </testcase> <!-- test_account_Registration -->
  <testcase classname="testCases.TC_002_LoginTest" name="testLogin" time="0.0">
    <skipped/>
  </testcase> <!-- testLogin -->
  <testcase classname="testCases.TC_003_LoginDataDrivenTest" name="test_loginDDT" time="0.0">
    <skipped/>
  </testcase> <!-- test_loginDDT -->
  <testcase classname="testCases.TC_003_LoginDataDrivenTest" name="test_loginDDT" time="0.0">
    <skipped/>
  </testcase> <!-- test_loginDDT -->
  <testcase classname="testCases.TC_003_LoginDataDrivenTest" name="test_loginDDT" time="0.0">
    <skipped/>
  </testcase> <!-- test_loginDDT -->
  <testcase classname="testCases.TC_003_LoginDataDrivenTest" name="test_loginDDT" time="0.0">
    <skipped/>
  </testcase> <!-- test_loginDDT -->
  <testcase classname="testCases.TC_003_LoginDataDrivenTest" name="test_loginDDT" time="0.0">
    <skipped/>
  </testcase> <!-- test_loginDDT -->
</testsuite> <!-- Surefire test -->
